  FontImage.cpp
d:\alex\projects\oglgame\common\fontimage.h(115): warning C4018: '<': signed/unsigned mismatch
d:\alex\projects\oglgame\common\fontimage.cpp(30): warning C4838: conversion from 'int' to 'GLfloat' requires a narrowing conversion
d:\alex\projects\oglgame\common\fontimage.cpp(29): warning C4244: 'initializing': conversion from 'int' to 'GLfloat', possible loss of data
d:\alex\projects\oglgame\common\fontimage.cpp(30): warning C4244: 'initializing': conversion from 'int' to 'GLfloat', possible loss of data
d:\alex\projects\oglgame\common\fontimage.cpp(119): warning C4244: '=': conversion from 'float' to 'int', possible loss of data
d:\alex\projects\oglgame\common\fontimage.cpp(120): warning C4244: '=': conversion from 'float' to 'int', possible loss of data
d:\alex\projects\oglgame\common\fontimage.cpp(121): warning C4244: '+=': conversion from 'float' to 'int', possible loss of data
d:\alex\projects\oglgame\common\fontimage.cpp(123): warning C4244: '=': conversion from 'float' to 'int', possible loss of data
d:\alex\projects\oglgame\common\fontimage.cpp(124): warning C4244: '=': conversion from 'float' to 'int', possible loss of data
d:\alex\projects\oglgame\common\fontimage.cpp(125): warning C4244: '+=': conversion from 'float' to 'int', possible loss of data
d:\alex\projects\oglgame\common\fontimage.cpp(127): warning C4244: '=': conversion from 'float' to 'int', possible loss of data
d:\alex\projects\oglgame\common\fontimage.cpp(128): warning C4244: '=': conversion from 'float' to 'int', possible loss of data
d:\alex\projects\oglgame\common\fontimage.cpp(129): warning C4244: '+=': conversion from 'float' to 'int', possible loss of data
d:\alex\projects\oglgame\common\fontimage.cpp(169): warning C4474: 'sprintf' : too many arguments passed for format string
  d:\alex\projects\oglgame\common\fontimage.cpp(169): note: placeholders and their parameters expect 0 variadic arguments, but 2 were provided
d:\alex\projects\oglgame\common\fontimage.cpp(308): warning C4244: '+=': conversion from 'float' to 'int', possible loss of data
d:\alex\projects\oglgame\common\fontimage.cpp(423): warning C4018: '<': signed/unsigned mismatch
d:\alex\projects\oglgame\common\fontimage.cpp(433): warning C4244: 'argument': conversion from 'int' to 'GLfloat', possible loss of data
C:\Program Files (x86)\Microsoft Visual Studio\2017\Community\Common7\IDE\VC\VCTargets\Microsoft.CppBuild.targets(1205,5): warning MSB8012: TargetPath(D:\Alex\Projects\OGLGame\Debug\GameGL.exe) does not match the Linker's OutputFile property value (D:\Alex\Projects\OGLGame\bin\GameGl.exe). This may cause your project to build incorrectly. To correct this, please make sure that $(OutDir), $(TargetName) and $(TargetExt) property values match the value specified in %(Link.OutputFile).
  GameGL.vcxproj -> D:\Alex\Projects\OGLGame\Debug\GameGL.exe
