  stdafx.cpp
  OGLControl.cpp
d:\alex\oglgame\common\controlls\OGLControl.h(663): warning C4552: '<': operator has no effect; expected operator with side-effect
..\Common\Controlls\OGLControl.cpp(53): warning C4814: 'CGetSize<vert0,vert90,vert_90,vert180,tex>::GetAmount': in C++14 'constexpr' will not imply 'const'; consider explicitly specifying 'const'
  ..\Common\Controlls\OGLControl.cpp(54): note: see reference to class template instantiation 'CGetSize<vert0,vert90,vert_90,vert180,tex>' being compiled
..\Common\Controlls\OGLControl.cpp(53): warning C4814: 'CGetSize<4,4,4,4,4>::GetAmount': in C++14 'constexpr' will not imply 'const'; consider explicitly specifying 'const'
  ..\Common\Controlls\OGLControl.cpp(58): note: see reference to class template instantiation 'CGetSize<4,4,4,4,4>' being compiled
..\Common\Controlls\OGLControl.cpp(403): warning C4244: '=': conversion from 'double' to 'GLfloat', possible loss of data
..\Common\Controlls\OGLControl.cpp(462): warning C4244: 'argument': conversion from 'int' to 'GLfloat', possible loss of data
  FontImage.cpp
..\Common\FontImage.cpp(30): warning C4838: conversion from 'int' to 'GLfloat' requires a narrowing conversion
..\Common\FontImage.cpp(30): warning C4244: 'initializing': conversion from 'int' to 'GLfloat', possible loss of data
..\Common\FontImage.cpp(119): warning C4244: '=': conversion from 'float' to 'int', possible loss of data
..\Common\FontImage.cpp(120): warning C4244: '=': conversion from 'float' to 'int', possible loss of data
..\Common\FontImage.cpp(121): warning C4244: '+=': conversion from 'float' to 'int', possible loss of data
..\Common\FontImage.cpp(123): warning C4244: '=': conversion from 'float' to 'int', possible loss of data
..\Common\FontImage.cpp(124): warning C4244: '=': conversion from 'float' to 'int', possible loss of data
..\Common\FontImage.cpp(125): warning C4244: '+=': conversion from 'float' to 'int', possible loss of data
..\Common\FontImage.cpp(127): warning C4244: '=': conversion from 'float' to 'int', possible loss of data
..\Common\FontImage.cpp(128): warning C4244: '=': conversion from 'float' to 'int', possible loss of data
..\Common\FontImage.cpp(129): warning C4244: '+=': conversion from 'float' to 'int', possible loss of data
..\Common\FontImage.cpp(169): warning C4474: 'sprintf' : too many arguments passed for format string
  ..\Common\FontImage.cpp(169): note: placeholders and their parameters expect 0 variadic arguments, but 2 were provided
..\Common\FontImage.cpp(307): warning C4244: '+=': conversion from 'float' to 'int', possible loss of data
..\Common\FontImage.cpp(422): warning C4018: '<': signed/unsigned mismatch
..\Common\FontImage.cpp(432): warning C4244: 'argument': conversion from 'int' to 'GLfloat', possible loss of data
  Image.cpp
  Shader.cpp
  Textures.cpp
  Utils.cpp
  GameGL.cpp
D:\Alex\OGLGame\Common\Controlls\OGLControl.h(663): warning C4552: '<': operator has no effect; expected operator with side-effect
GameGL.cpp(209): warning C4838: conversion from 'int' to 'BYTE' requires a narrowing conversion
  OGLgame.cpp
D:\Alex\OGLGame\Common\Controlls\OGLControl.h(663): warning C4552: '<': operator has no effect; expected operator with side-effect
OGLgame.cpp(425): warning C4244: 'initializing': conversion from 'GLfloat' to 'int', possible loss of data
OGLgame.cpp(596): warning C4244: 'argument': conversion from '__int64' to 'float', possible loss of data
OGLgame.cpp(690): warning C4244: '=': conversion from 'int' to 'float', possible loss of data
OGLgame.cpp(800): warning C4244: '=': conversion from 'int' to 'GLfloat', possible loss of data
OGLgame.cpp(801): warning C4244: '=': conversion from 'int' to 'GLfloat', possible loss of data
OGLgame.cpp(1075): warning C4101: 'fragmentShader': unreferenced local variable
OGLgame.cpp(1074): warning C4101: 'vertexShader': unreferenced local variable
OGLgame.cpp(1076): warning C4101: 'linked': unreferenced local variable
OGLgame.cpp(1182): warning C4244: '=': conversion from 'GLfloat' to 'int', possible loss of data
OGLgame.cpp(1183): warning C4244: '=': conversion from 'GLfloat' to 'int', possible loss of data
OGLgame.cpp(1202): warning C4244: '=': conversion from 'int' to 'GLfloat', possible loss of data
OGLgame.cpp(1204): warning C4244: '=': conversion from 'int' to 'GLfloat', possible loss of data
OGLgame.cpp(1205): warning C4244: '=': conversion from 'int' to 'GLfloat', possible loss of data
OGLgame.cpp(1206): warning C4244: '=': conversion from 'int' to 'GLfloat', possible loss of data
OGLgame.cpp(1571): warning C4244: 'initializing': conversion from 'double' to 'float', possible loss of data
OGLgame.cpp(1635): warning C4018: '<': signed/unsigned mismatch
OGLgame.cpp(1636): warning C4018: '<': signed/unsigned mismatch
OGLgame.cpp(1638): warning C4018: '<': signed/unsigned mismatch
OGLgame.cpp(1670): warning C4018: '<': signed/unsigned mismatch
OGLgame.cpp(1671): warning C4018: '<': signed/unsigned mismatch
OGLgame.cpp(1834): warning C4244: 'argument': conversion from 'GLsizei' to 'float', possible loss of data
OGLgame.cpp(1960): warning C4244: 'initializing': conversion from 'int' to 'float', possible loss of data
OGLgame.cpp(1961): warning C4244: 'initializing': conversion from 'int' to 'float', possible loss of data
OGLgame.cpp(1963): warning C4244: 'initializing': conversion from 'float' to 'int', possible loss of data
OGLgame.cpp(2200): warning C4244: 'argument': conversion from 'float' to 'GLsizei', possible loss of data
  Generating Code...
C:\Program Files (x86)\MSBuild\Microsoft.Cpp\v4.0\V140\Microsoft.CppBuild.targets(1189,5): warning MSB8012: TargetPath(D:\Alex\OGLGame\Release\GameGL.exe) does not match the Linker's OutputFile property value (D:\Alex\OGLGame\bin\GameGl.exe). This may cause your project to build incorrectly. To correct this, please make sure that $(OutDir), $(TargetName) and $(TargetExt) property values match the value specified in %(Link.OutputFile).
  GameGL.vcxproj -> D:\Alex\OGLGame\Release\GameGL.exe
  GameGL.vcxproj -> D:\Alex\OGLGame\Release\GameGL.pdb (Full PDB)
