  FontImage.cpp
d:\alex\projects\oglgame\common\glfonts.h(144): warning C4996: 'strncpy': This function or variable may be unsafe. Consider using strncpy_s instead. To disable deprecation, use _CRT_SECURE_NO_WARNINGS. See online help for details.
  c:\program files (x86)\windows kits\10\include\10.0.17134.0\ucrt\string.h(338): note: see declaration of 'strncpy'
d:\alex\projects\oglgame\common\fontimage.h(115): warning C4018: '<': signed/unsigned mismatch
d:\alex\projects\oglgame\common\fontimage.cpp(30): warning C4838: conversion from 'int' to 'GLfloat' requires a narrowing conversion
d:\alex\projects\oglgame\common\fontimage.cpp(29): warning C4244: 'initializing': conversion from 'int' to 'GLfloat', possible loss of data
d:\alex\projects\oglgame\common\fontimage.cpp(30): warning C4244: 'initializing': conversion from 'int' to 'GLfloat', possible loss of data
d:\alex\projects\oglgame\common\fontimage.cpp(119): warning C4244: '=': conversion from 'float' to 'int', possible loss of data
d:\alex\projects\oglgame\common\fontimage.cpp(120): warning C4244: '=': conversion from 'float' to 'int', possible loss of data
d:\alex\projects\oglgame\common\fontimage.cpp(121): warning C4244: '+=': conversion from 'float' to 'int', possible loss of data
d:\alex\projects\oglgame\common\fontimage.cpp(123): warning C4244: '=': conversion from 'float' to 'int', possible loss of data
d:\alex\projects\oglgame\common\fontimage.cpp(124): warning C4244: '=': conversion from 'float' to 'int', possible loss of data
d:\alex\projects\oglgame\common\fontimage.cpp(125): warning C4244: '+=': conversion from 'float' to 'int', possible loss of data
d:\alex\projects\oglgame\common\fontimage.cpp(127): warning C4244: '=': conversion from 'float' to 'int', possible loss of data
d:\alex\projects\oglgame\common\fontimage.cpp(128): warning C4244: '=': conversion from 'float' to 'int', possible loss of data
d:\alex\projects\oglgame\common\fontimage.cpp(129): warning C4244: '+=': conversion from 'float' to 'int', possible loss of data
d:\alex\projects\oglgame\common\fontimage.cpp(162): warning C4996: 'sprintf': This function or variable may be unsafe. Consider using sprintf_s instead. To disable deprecation, use _CRT_SECURE_NO_WARNINGS. See online help for details.
  c:\program files (x86)\windows kits\10\include\10.0.17134.0\ucrt\stdio.h(1774): note: see declaration of 'sprintf'
d:\alex\projects\oglgame\common\fontimage.cpp(166): warning C4996: 'sprintf': This function or variable may be unsafe. Consider using sprintf_s instead. To disable deprecation, use _CRT_SECURE_NO_WARNINGS. See online help for details.
  c:\program files (x86)\windows kits\10\include\10.0.17134.0\ucrt\stdio.h(1774): note: see declaration of 'sprintf'
d:\alex\projects\oglgame\common\fontimage.cpp(169): warning C4474: 'sprintf' : too many arguments passed for format string
  d:\alex\projects\oglgame\common\fontimage.cpp(169): note: placeholders and their parameters expect 0 variadic arguments, but 2 were provided
d:\alex\projects\oglgame\common\fontimage.cpp(169): warning C4996: 'sprintf': This function or variable may be unsafe. Consider using sprintf_s instead. To disable deprecation, use _CRT_SECURE_NO_WARNINGS. See online help for details.
  c:\program files (x86)\windows kits\10\include\10.0.17134.0\ucrt\stdio.h(1774): note: see declaration of 'sprintf'
d:\alex\projects\oglgame\common\fontimage.cpp(186): warning C4996: 'sprintf': This function or variable may be unsafe. Consider using sprintf_s instead. To disable deprecation, use _CRT_SECURE_NO_WARNINGS. See online help for details.
  c:\program files (x86)\windows kits\10\include\10.0.17134.0\ucrt\stdio.h(1774): note: see declaration of 'sprintf'
d:\alex\projects\oglgame\common\fontimage.cpp(188): warning C4996: 'sprintf': This function or variable may be unsafe. Consider using sprintf_s instead. To disable deprecation, use _CRT_SECURE_NO_WARNINGS. See online help for details.
  c:\program files (x86)\windows kits\10\include\10.0.17134.0\ucrt\stdio.h(1774): note: see declaration of 'sprintf'
d:\alex\projects\oglgame\common\fontimage.cpp(194): warning C4996: 'sprintf': This function or variable may be unsafe. Consider using sprintf_s instead. To disable deprecation, use _CRT_SECURE_NO_WARNINGS. See online help for details.
  c:\program files (x86)\windows kits\10\include\10.0.17134.0\ucrt\stdio.h(1774): note: see declaration of 'sprintf'
d:\alex\projects\oglgame\common\fontimage.cpp(207): warning C4996: 'sprintf': This function or variable may be unsafe. Consider using sprintf_s instead. To disable deprecation, use _CRT_SECURE_NO_WARNINGS. See online help for details.
  c:\program files (x86)\windows kits\10\include\10.0.17134.0\ucrt\stdio.h(1774): note: see declaration of 'sprintf'
d:\alex\projects\oglgame\common\fontimage.cpp(213): warning C4996: 'sprintf': This function or variable may be unsafe. Consider using sprintf_s instead. To disable deprecation, use _CRT_SECURE_NO_WARNINGS. See online help for details.
  c:\program files (x86)\windows kits\10\include\10.0.17134.0\ucrt\stdio.h(1774): note: see declaration of 'sprintf'
d:\alex\projects\oglgame\common\fontimage.cpp(307): warning C4244: '+=': conversion from 'float' to 'int', possible loss of data
d:\alex\projects\oglgame\common\fontimage.cpp(422): warning C4018: '<': signed/unsigned mismatch
d:\alex\projects\oglgame\common\fontimage.cpp(432): warning C4244: 'argument': conversion from 'int' to 'GLfloat', possible loss of data
  GLFonts.cpp
d:\alex\projects\oglgame\common\glfonts.h(144): warning C4996: 'strncpy': This function or variable may be unsafe. Consider using strncpy_s instead. To disable deprecation, use _CRT_SECURE_NO_WARNINGS. See online help for details.
  c:\program files (x86)\windows kits\10\include\10.0.17134.0\ucrt\string.h(338): note: see declaration of 'strncpy'
d:\alex\projects\oglgame\common\glfonts.cpp(378): warning C4996: 'vsprintf': This function or variable may be unsafe. Consider using vsprintf_s instead. To disable deprecation, use _CRT_SECURE_NO_WARNINGS. See online help for details.
  c:\program files (x86)\windows kits\10\include\10.0.17134.0\ucrt\stdio.h(1469): note: see declaration of 'vsprintf'
  FontMaker.cpp
d:\alex\projects\oglgame\common\glfonts.h(144): warning C4996: 'strncpy': This function or variable may be unsafe. Consider using strncpy_s instead. To disable deprecation, use _CRT_SECURE_NO_WARNINGS. See online help for details.
  c:\program files (x86)\windows kits\10\include\10.0.17134.0\ucrt\string.h(338): note: see declaration of 'strncpy'
d:\alex\projects\oglgame\common\fontimage.h(115): warning C4018: '<': signed/unsigned mismatch
d:\alex\projects\oglgame\fontmaker\fontmaker.cpp(175): warning C4838: conversion from 'int' to 'BYTE' requires a narrowing conversion
  Generating Code...
C:\Program Files (x86)\Microsoft Visual Studio\2017\Community\Common7\IDE\VC\VCTargets\Microsoft.CppBuild.targets(1205,5): warning MSB8012: TargetPath(D:\Alex\Projects\OGLGame\Debug\FontMaker.exe) does not match the Linker's OutputFile property value (D:\Alex\Projects\OGLGame\bin\FontMaker.exe). This may cause your project to build incorrectly. To correct this, please make sure that $(OutDir), $(TargetName) and $(TargetExt) property values match the value specified in %(Link.OutputFile).
  FontMaker.vcxproj -> D:\Alex\Projects\OGLGame\Debug\FontMaker.exe
